 RGE Running            1 .-iteration
 RGE Running            2 .-iteration
 RGE Running            3 .-iteration
 IIp called with small input:    1.5487668656392065E-006   16000000.000000000        9000362.2722855676        1000000.0000000000     
 IIp called with small input:    1.5487668656392065E-006   16000000.000000000        9000362.2722855676        1000000.0000000000     
 IIp called with small input:    1.5487668656392065E-006   16000000.000000000        9000362.2722855676        1000000.0000000000     
 IIp called with small input:    1.5487668656392065E-006   16000000.000000000        8999637.7278616820        1000000.0000000000     
 IIp called with small input:    1.5487668656392065E-006   16000000.000000000        8999637.7278616820        1000000.0000000000     
 IIp called with small input:    1.5487668656392065E-006   16000000.000000000        8999637.7278616820        1000000.0000000000     
 IIp called with small input:    1.3634195777203559E-006   16000000.000000000        9000005.1407760885        1000000.0000000000     
 IIp called with small input:    1.3634195777203559E-006   16000000.000000000        9000005.1407760885        1000000.0000000000     
 IIp called with small input:    1.3634195777203559E-006   16000000.000000000        9000005.1407760885        1000000.0000000000     
 IIp called with small input:    1.3634195777203559E-006   16000000.000000000        8999995.4502327405        1000000.0000000000     
 IIp called with small input:    1.3634195777203559E-006   16000000.000000000        8999995.4502327405        1000000.0000000000     
 IIp called with small input:    1.3634195777203559E-006   16000000.000000000        8999995.4502327405        1000000.0000000000     
 MM somehow called with small inputs:    9000362.2722855676        1.5487668656392065E-006   9000362.2722855676        1.5487668656392065E-006   16000000.000000000        1000000.0000000000     
 MM somehow called with small inputs:    9000362.2722855676        1.5487668656392065E-006   9000362.2722855676        1.5487668656392065E-006   16000000.000000000        1000000.0000000000     
 IIp called with small input:    1.5487668656392065E-006   9000362.2722855676        16000000.000000000        1000000.0000000000     
 MM somehow called with small inputs:    9000362.2722855676        1.5487668656392065E-006   9000362.2722855676        1.5487668656392065E-006   16000000.000000000        1000000.0000000000     
 MM somehow called with small inputs:    8999637.7278616820        1.5487668656392065E-006   8999637.7278616820        1.5487668656392065E-006   16000000.000000000        1000000.0000000000     
 MM somehow called with small inputs:    8999637.7278616820        1.5487668656392065E-006   8999637.7278616820        1.5487668656392065E-006   16000000.000000000        1000000.0000000000     
 IIp called with small input:    1.5487668656392065E-006   8999637.7278616820        16000000.000000000        1000000.0000000000     
 MM somehow called with small inputs:    8999637.7278616820        1.5487668656392065E-006   8999637.7278616820        1.5487668656392065E-006   16000000.000000000        1000000.0000000000     
 MM somehow called with small inputs:    9622250.5519878287        1.5487668656392065E-006   9622250.5519878287        1.5487668656392065E-006   58147.860876352977        1000000.0000000000     
 IIp called with small input:    1.5487668656392065E-006   9622250.5519878287        58147.860876352977        1000000.0000000000     
 MM somehow called with small inputs:    8420044.9188539460        1.5487668656392065E-006   8420044.9188539460        1.5487668656392065E-006   58147.860876352977        1000000.0000000000     
 IIp called with small input:    1.5487668656392065E-006   8420044.9188539460        58147.860876352977        1000000.0000000000     
 MM somehow called with small inputs:    9000362.2722855676        1.5487668656392065E-006   8999637.7278616820        1.5487668656392065E-006   16000000.000000000        1000000.0000000000     
 MM somehow called with small inputs:    9000362.2722855676        1.5487668656392065E-006   8999637.7278616820        1.5487668656392065E-006   16000000.000000000        1000000.0000000000     
 IIp called with small input:    1.5487668656392065E-006   8999637.7278616820        16000000.000000000        1000000.0000000000     
 MM somehow called with small inputs:    9000362.2722855676        1.5487668656392065E-006   8999637.7278616820        1.5487668656392065E-006   16000000.000000000        1000000.0000000000     
 MM somehow called with small inputs:    8999637.7278616820        1.5487668656392065E-006   9000362.2722855676        1.5487668656392065E-006   16000000.000000000        1000000.0000000000     
 MM somehow called with small inputs:    8999637.7278616820        1.5487668656392065E-006   9000362.2722855676        1.5487668656392065E-006   16000000.000000000        1000000.0000000000     
 IIp called with small input:    1.5487668656392065E-006   9000362.2722855676        16000000.000000000        1000000.0000000000     
 MM somehow called with small inputs:    8999637.7278616820        1.5487668656392065E-006   9000362.2722855676        1.5487668656392065E-006   16000000.000000000        1000000.0000000000     
 MM somehow called with small inputs:    9622250.5519878287        1.5487668656392065E-006   8420044.9188539460        1.5487668656392065E-006   58147.860876352977        1000000.0000000000     
 IIp called with small input:    1.5487668656392065E-006   8420044.9188539460        58147.860876352977        1000000.0000000000     
 MM somehow called with small inputs:    8420044.9188539460        1.5487668656392065E-006   9622250.5519878287        1.5487668656392065E-006   58147.860876352977        1000000.0000000000     
 IIp called with small input:    1.5487668656392065E-006   9622250.5519878287        58147.860876352977        1000000.0000000000     
 Error in SubroutineChiThreeBodyDecay                       
 Error in SubroutineChiThreeBodyDecay                       
 Error in SubroutineChiThreeBodyDecay                       
 Error in SubroutineChiThreeBodyDecay                       
 Error in SubroutineChiThreeBodyDecay                       
 Error in SubroutineChiThreeBodyDecay                       
 Error in SubroutineChiThreeBodyDecay                       
 Error in SubroutineChiThreeBodyDecay                       
 Error in SubroutineChiThreeBodyDecay                       
 Error in SubroutineChiThreeBodyDecay                       
 Error in SubroutineChiThreeBodyDecay                       
 Error in SubroutineChaThreeBodyDecay                       
 Higgs mass outside range of cross section fit (associated W production):            2
 Higgs mass outside range of cross section fit (associated Z production):            2
 Higgs mass outside range of cross section fit (associated top production):            2
 Higgs mass outside range of cross section fit (gluon fusion):            3
 Higgs mass outside range of cross section fit (vector boson fusion):            3
 Higgs mass outside range of cross section fit (associated W production):            3
 Higgs mass outside range of cross section fit (associated Z production):            3
 Higgs mass outside range of cross section fit (associated top production):            3
 Higgs mass outside range of cross section fit (associated W production):            2
 Higgs mass outside range of cross section fit (associated Z production):            2
 Higgs mass outside range of cross section fit (associated top production):            2
 Higgs mass outside range of cross section fit (gluon fusion):            3
 Higgs mass outside range of cross section fit (vector boson fusion):            3
 Higgs mass outside range of cross section fit (associated W production):            3
 Higgs mass outside range of cross section fit (associated Z production):            3
 Higgs mass outside range of cross section fit (associated top production):            3
